#
# A fatal error has been detected by the Java Runtime Environment:
#
#  EXCEPTION_ACCESS_VIOLATION (0xc0000005) at pc=0x0000000066e138a8, pid=7780, tid=0x0000000000001648
#
# JRE version: Java(TM) SE Runtime Environment (8.0_201-b09) (build 1.8.0_201-b09)
# Java VM: Java HotSpot(TM) 64-Bit Server VM (25.201-b09 mixed mode windows-amd64 compressed oops)
# Problematic frame:
# V  [jvm.dll+0x438a8]
#
# Failed to write core dump. Minidumps are not enabled by default on client versions of Windows
#
# If you would like to submit a bug report, please visit:
#   http://bugreport.java.com/bugreport/crash.jsp
#

---------------  T H R E A D  ---------------

Current thread (0x00000000176c5800):  JavaThread "C2 CompilerThread0" daemon [_thread_in_vm, id=5704, stack(0x0000000018d30000,0x0000000018e30000)]

siginfo: ExceptionCode=0xc0000005, reading address 0xffffffffffffffff

Registers:
RAX=0x00000000176c5800, RBX=0x0000000016fb12f0, RCX=0x0000000016fb12f0, RDX=0x0000000016fb12f0
RSP=0x0000000018e2da10, RBP=0x000000001912a680, RSI=0x0000000016fb12f0, RDI=0x0000000000000000
R8 =0x00000000673b8338, R9 =0x000000000000000d, R10=0x000000001912a8b0, R11=0x000000001988add0
R12=0x00000000176c5800, R13=0x000000001912a680, R14=0x0000000066dd0000, R15=0x00000000fffffffc
RIP=0x0000000066e138a8, EFLAGS=0x0000000000010202

Top of Stack: (sp=0x0000000018e2da10)
0x0000000018e2da10:   000000001988b7d0 000000006722c82a
0x0000000018e2da20:   00000000197f56c0 000000001988d080
0x0000000018e2da30:   0000000000000000 0000000067304496
0x0000000018e2da40:   00000000192db6a0 0000000067304496
0x0000000018e2da50:   0000000000000076 0000000066e13c39
0x0000000018e2da60:   00000000192de4c0 00000000672e1706
0x0000000018e2da70:   000000000000000d 000000001988d080
0x0000000018e2da80:   000000001988d080 00000000176c5800
0x0000000018e2da90:   0000000016fb12f0 0000000066e0b5e5
0x0000000018e2daa0:   000000001988d080 00000000176c5800
0x0000000018e2dab0:   0000000016e09538 0000000000000001
0x0000000018e2dac0:   0000000000000000 00000000672d7244
0x0000000018e2dad0:   0000000018e2ed30 0000000018e2db60
0x0000000018e2dae0:   00000000192af2b0 0000000000000000
0x0000000018e2daf0:   0000000002a9a070 0000000066ebdceb
0x0000000018e2db00:   0000000045ad3000 0000000000000000 

Instructions: (pc=0x0000000066e138a8)
0x0000000066e13888:   00 48 8b da ff 15 5e db 59 00 44 0f b6 05 fa 7b
0x0000000066e13898:   7b 00 4c 8b e0 45 84 c0 74 39 4c 8b 03 48 8b cb
0x0000000066e138a8:   41 ff 50 08 84 c0 74 2b 83 7b 08 00 7e 25 0f b6
0x0000000066e138b8:   83 0e 01 00 00 c0 e8 03 a8 01 74 17 48 8b 03 48 


Register to memory mapping:

RAX=0x00000000176c5800 is a thread
RBX=0x0000000016fb12f0 is pointing into metadata
RCX=0x0000000016fb12f0 is pointing into metadata
RDX=0x0000000016fb12f0 is pointing into metadata
RSP=0x0000000018e2da10 is pointing into the stack for thread: 0x00000000176c5800
RBP=0x000000001912a680 is an unknown value
RSI=0x0000000016fb12f0 is pointing into metadata
RDI=0x0000000000000000 is an unknown value
R8 =0x00000000673b8338 is an unknown value
R9 =0x000000000000000d is an unknown value
R10=0x000000001912a8b0 is an unknown value
R11=0x000000001988add0 is an unknown value
R12=0x00000000176c5800 is a thread
R13=0x000000001912a680 is an unknown value
R14=0x0000000066dd0000 is an unknown value
R15=0x00000000fffffffc is an unallocated location in the heap


Stack: [0x0000000018d30000,0x0000000018e30000],  sp=0x0000000018e2da10,  free space=1014k
Native frames: (J=compiled Java code, j=interpreted, Vv=VM code, C=native code)
V  [jvm.dll+0x438a8]
V  [jvm.dll+0x43c39]
V  [jvm.dll+0x3b5e5]
V  [jvm.dll+0x507244]
V  [jvm.dll+0x45df00]
V  [jvm.dll+0x483796]
V  [jvm.dll+0x50e1bd]
V  [jvm.dll+0x506c77]
V  [jvm.dll+0x506ff9]
V  [jvm.dll+0x50758f]
V  [jvm.dll+0x45df00]
V  [jvm.dll+0x47a4b5]
V  [jvm.dll+0x45cfa2]
V  [jvm.dll+0xa6b42]
V  [jvm.dll+0xa748f]
V  [jvm.dll+0x24656f]
V  [jvm.dll+0x29fb6a]
C  [msvcr100.dll+0x21db7]
C  [msvcr100.dll+0x21e53]
C  [KERNEL32.DLL+0x14034]
C  [ntdll.dll+0x73691]


Current CompileTask:
C2:   5296  667       4       java.util.HashMap::put (13 bytes)


---------------  P R O C E S S  ---------------

Java Threads: ( => current thread )
  0x00000000009dd800 JavaThread "DestroyJavaVM" [_thread_blocked, id=10876, stack(0x0000000002990000,0x0000000002a90000)]
  0x0000000019828000 JavaThread "Thread-4" [_thread_blocked, id=5452, stack(0x000000001a4c0000,0x000000001a5c0000)]
  0x0000000019827800 JavaThread "AWT-EventQueue-0" [_thread_in_native, id=10896, stack(0x000000001a3c0000,0x000000001a4c0000)]
  0x000000001981e000 JavaThread "AWT-Windows" daemon [_thread_in_native, id=9728, stack(0x000000001a1a0000,0x000000001a2a0000)]
  0x0000000019813000 JavaThread "AWT-Shutdown" [_thread_blocked, id=8700, stack(0x000000001a0a0000,0x000000001a1a0000)]
  0x0000000019808000 JavaThread "Java2D Disposer" daemon [_thread_blocked, id=7984, stack(0x0000000019fa0000,0x000000001a0a0000)]
  0x0000000019068800 JavaThread "Service Thread" daemon [_thread_blocked, id=8168, stack(0x0000000019430000,0x0000000019530000)]
  0x00000000176d4000 JavaThread "C1 CompilerThread2" daemon [_thread_in_native, id=7536, stack(0x0000000018f30000,0x0000000019030000)]
  0x00000000176cb000 JavaThread "C2 CompilerThread1" daemon [_thread_in_vm, id=2448, stack(0x0000000018e30000,0x0000000018f30000)]
=>0x00000000176c5800 JavaThread "C2 CompilerThread0" daemon [_thread_in_vm, id=5704, stack(0x0000000018d30000,0x0000000018e30000)]
  0x00000000176c4800 JavaThread "Attach Listener" daemon [_thread_blocked, id=4012, stack(0x0000000018c30000,0x0000000018d30000)]
  0x00000000176c1800 JavaThread "Signal Dispatcher" daemon [_thread_blocked, id=8612, stack(0x0000000018b30000,0x0000000018c30000)]
  0x0000000002b8a800 JavaThread "Finalizer" daemon [_thread_blocked, id=2848, stack(0x0000000018910000,0x0000000018a10000)]
  0x00000000176aa000 JavaThread "Reference Handler" daemon [_thread_blocked, id=8056, stack(0x0000000018810000,0x0000000018910000)]

Other Threads:
  0x0000000017687800 VMThread [stack: 0x0000000018710000,0x0000000018810000] [id=3704]
  0x0000000019079000 WatcherThread [stack: 0x00000000196a0000,0x00000000197a0000] [id=3432]

VM state:not at safepoint (normal execution)

VM Mutex/Monitor currently owned by a thread: None

heap address: 0x0000000081c00000, size: 2020 MB, Compressed Oops mode: 32-bit
Narrow klass base: 0x0000000000000000, Narrow klass shift: 3
Compressed class space size: 1073741824 Address: 0x0000000100000000

Heap:
 PSYoungGen      total 38400K, used 8769K [0x00000000d5f00000, 0x00000000d8980000, 0x0000000100000000)
  eden space 33280K, 20% used [0x00000000d5f00000,0x00000000d6584480,0x00000000d7f80000)
  from space 5120K, 40% used [0x00000000d7f80000,0x00000000d818c010,0x00000000d8480000)
  to   space 5120K, 0% used [0x00000000d8480000,0x00000000d8480000,0x00000000d8980000)
 ParOldGen       total 87552K, used 8K [0x0000000081c00000, 0x0000000087180000, 0x00000000d5f00000)
  object space 87552K, 0% used [0x0000000081c00000,0x0000000081c02000,0x0000000087180000)
 Metaspace       used 11598K, capacity 11914K, committed 12288K, reserved 1060864K
  class space    used 1379K, capacity 1459K, committed 1536K, reserved 1048576K

Card table byte_map: [0x0000000011f50000,0x0000000012350000] byte_map_base: 0x0000000011b42000

Marking Bits: (ParMarkBitMap*) 0x00000000675f4ce0
 Begin Bits: [0x0000000012a00000, 0x0000000014990000)
 End Bits:   [0x0000000014990000, 0x0000000016920000)

Polling page: 0x0000000000c70000

CodeCache: size=245760Kb used=2839Kb max_used=2839Kb free=242920Kb
 bounds [0x0000000002b90000, 0x0000000002e60000, 0x0000000011b90000]
 total_blobs=1141 nmethods=702 adapters=352
 compilation: enabled

Compilation events (10 events):
Event: 5.239 Thread 0x00000000176d4000  668   !   3       java.io.RandomAccessFile::close (62 bytes)
Event: 5.240 Thread 0x00000000176d4000 nmethod 668 0x0000000002e35050 code [0x0000000002e351e0, 0x0000000002e35858]
Event: 5.240 Thread 0x00000000176d4000  671       1       java.nio.DirectByteBuffer::address (5 bytes)
Event: 5.240 Thread 0x00000000176d4000 nmethod 671 0x0000000002e34d90 code [0x0000000002e34ee0, 0x0000000002e34ff0]
Event: 5.240 Thread 0x00000000176d4000  669       3       java.io.RandomAccessFile$1::<init> (10 bytes)
Event: 5.240 Thread 0x00000000176d4000 nmethod 669 0x0000000002e349d0 code [0x0000000002e34b20, 0x0000000002e34cf0]
Event: 5.240 Thread 0x00000000176d4000  670       3       java.io.RandomAccessFile$1::close (8 bytes)
Event: 5.240 Thread 0x00000000176d4000 nmethod 670 0x0000000002e33090 code [0x0000000002e33200, 0x0000000002e333e8]
Event: 5.240 Thread 0x00000000176c5800 nmethod 660 0x0000000002e37e50 code [0x0000000002e37fc0, 0x0000000002e38408]
Event: 5.240 Thread 0x00000000176c5800  667       4       java.util.HashMap::put (13 bytes)

GC Heap History (2 events):
Event: 5.113 GC heap before
{Heap before GC invocations=1 (full 0):
 PSYoungGen      total 38400K, used 33280K [0x00000000d5f00000, 0x00000000d8980000, 0x0000000100000000)
  eden space 33280K, 100% used [0x00000000d5f00000,0x00000000d7f80000,0x00000000d7f80000)
  from space 5120K, 0% used [0x00000000d8480000,0x00000000d8480000,0x00000000d8980000)
  to   space 5120K, 0% used [0x00000000d7f80000,0x00000000d7f80000,0x00000000d8480000)
 ParOldGen       total 87552K, used 0K [0x0000000081c00000, 0x0000000087180000, 0x00000000d5f00000)
  object space 87552K, 0% used [0x0000000081c00000,0x0000000081c00000,0x0000000087180000)
 Metaspace       used 11385K, capacity 11626K, committed 12032K, reserved 1060864K
  class space    used 1370K, capacity 1427K, committed 1536K, reserved 1048576K
Event: 5.117 GC heap after
Heap after GC invocations=1 (full 0):
 PSYoungGen      total 38400K, used 2096K [0x00000000d5f00000, 0x00000000d8980000, 0x0000000100000000)
  eden space 33280K, 0% used [0x00000000d5f00000,0x00000000d5f00000,0x00000000d7f80000)
  from space 5120K, 40% used [0x00000000d7f80000,0x00000000d818c010,0x00000000d8480000)
  to   space 5120K, 0% used [0x00000000d8480000,0x00000000d8480000,0x00000000d8980000)
 ParOldGen       total 87552K, used 8K [0x0000000081c00000, 0x0000000087180000, 0x00000000d5f00000)
  object space 87552K, 0% used [0x0000000081c00000,0x0000000081c02000,0x0000000087180000)
 Metaspace       used 11385K, capacity 11626K, committed 12032K, reserved 1060864K
  class space    used 1370K, capacity 1427K, committed 1536K, reserved 1048576K
}

Deoptimization events (8 events):
Event: 0.189 Thread 0x00000000009dd800 Uncommon trap: reason=unstable_if action=reinterpret pc=0x0000000002cb4b48 method=java.util.zip.ZipFile$ZipFileInputStream.read([BII)I @ 122
Event: 0.189 Thread 0x00000000009dd800 Uncommon trap: reason=unstable_if action=reinterpret pc=0x0000000002cb6a9c method=java.util.zip.ZipFile$ZipFileInputStream.read([BII)I @ 24
Event: 0.262 Thread 0x00000000009dd800 Uncommon trap: reason=unstable_if action=reinterpret pc=0x0000000002cb9098 method=java.util.zip.ZipFile$ZipFileInputStream.read([BII)I @ 46
Event: 0.726 Thread 0x00000000009dd800 Uncommon trap: reason=unstable_if action=reinterpret pc=0x0000000002cbdeec method=com.codename1.impl.javase.ClassPathLoader.findClass(Ljava/lang/String;)Ljava/lang/Class; @ 217
Event: 5.192 Thread 0x0000000019827800 Uncommon trap: reason=class_check action=maybe_recompile pc=0x0000000002cc0468 method=java.lang.String.equals(Ljava/lang/Object;)Z @ 8
Event: 5.192 Thread 0x0000000019827800 Uncommon trap: reason=class_check action=maybe_recompile pc=0x0000000002cc0468 method=java.lang.String.equals(Ljava/lang/Object;)Z @ 8
Event: 5.192 Thread 0x0000000019827800 Uncommon trap: reason=class_check action=maybe_recompile pc=0x0000000002cc0468 method=java.lang.String.equals(Ljava/lang/Object;)Z @ 8
Event: 5.192 Thread 0x0000000019827800 Uncommon trap: reason=class_check action=maybe_recompile pc=0x0000000002cc0468 method=java.lang.String.equals(Ljava/lang/Object;)Z @ 8

Classes redefined (0 events):
No events

Internal exceptions (10 events):
Event: 0.045 Thread 0x00000000009dd800 Exception <a 'java/lang/NoSuchMethodError': Method sun.misc.Unsafe.prefetchRead(Ljava/lang/Object;J)V name or signature does not match> (0x00000000d5f07f98) thrown at [C:\re\workspace\8-2-build-windows-amd64-cygwin\jdk8u201\12322\hotspot\src\share\vm\prim
Event: 0.090 Thread 0x00000000009dd800 Exception <a 'java/io/FileNotFoundException'> (0x00000000d5f59640) thrown at [C:\re\workspace\8-2-build-windows-amd64-cygwin\jdk8u201\12322\hotspot\src\share\vm\prims\jni.cpp, line 709]
Event: 0.121 Thread 0x00000000009dd800 Exception <a 'java/security/PrivilegedActionException'> (0x00000000d5f90550) thrown at [C:\re\workspace\8-2-build-windows-amd64-cygwin\jdk8u201\12322\hotspot\src\share\vm\prims\jvm.cpp, line 1502]
Event: 0.121 Thread 0x00000000009dd800 Exception <a 'java/security/PrivilegedActionException'> (0x00000000d5f90760) thrown at [C:\re\workspace\8-2-build-windows-amd64-cygwin\jdk8u201\12322\hotspot\src\share\vm\prims\jvm.cpp, line 1502]
Event: 0.122 Thread 0x00000000009dd800 Exception <a 'java/security/PrivilegedActionException'> (0x00000000d5f94858) thrown at [C:\re\workspace\8-2-build-windows-amd64-cygwin\jdk8u201\12322\hotspot\src\share\vm\prims\jvm.cpp, line 1502]
Event: 0.122 Thread 0x00000000009dd800 Exception <a 'java/security/PrivilegedActionException'> (0x00000000d5f94a68) thrown at [C:\re\workspace\8-2-build-windows-amd64-cygwin\jdk8u201\12322\hotspot\src\share\vm\prims\jvm.cpp, line 1502]
Event: 0.841 Thread 0x00000000009dd800 Exception <a 'java/io/FileNotFoundException'> (0x00000000d646c338) thrown at [C:\re\workspace\8-2-build-windows-amd64-cygwin\jdk8u201\12322\hotspot\src\share\vm\prims\jni.cpp, line 709]
Event: 0.881 Thread 0x00000000009dd800 Exception <a 'java/lang/NoSuchFieldError': method resolution failed> (0x00000000d65e2fc8) thrown at [C:\re\workspace\8-2-build-windows-amd64-cygwin\jdk8u201\12322\hotspot\src\share\vm\prims\methodHandles.cpp, line 1167]
Event: 0.883 Thread 0x00000000009dd800 Exception <a 'java/lang/NoSuchFieldError': method resolution failed> (0x00000000d65f06e8) thrown at [C:\re\workspace\8-2-build-windows-amd64-cygwin\jdk8u201\12322\hotspot\src\share\vm\prims\methodHandles.cpp, line 1167]
Event: 4.693 Thread 0x0000000019827800 Exception <a 'java/io/FileNotFoundException'> (0x00000000d7ca01e0) thrown at [C:\re\workspace\8-2-build-windows-amd64-cygwin\jdk8u201\12322\hotspot\src\share\vm\prims\jni.cpp, line 709]

Events (10 events):
Event: 5.192 Thread 0x0000000019827800 Uncommon trap: trap_request=0xffffffde fr.pc=0x0000000002cc0468
Event: 5.192 Thread 0x0000000019827800 DEOPT PACKING pc=0x0000000002cc0468 sp=0x000000001a4bceb0
Event: 5.192 Thread 0x0000000019827800 DEOPT UNPACKING pc=0x0000000002bd583b sp=0x000000001a4bce40 mode 2
Event: 5.192 Thread 0x0000000019827800 Uncommon trap: trap_request=0xffffffde fr.pc=0x0000000002cc0468
Event: 5.192 Thread 0x0000000019827800 DEOPT PACKING pc=0x0000000002cc0468 sp=0x000000001a4bceb0
Event: 5.192 Thread 0x0000000019827800 DEOPT UNPACKING pc=0x0000000002bd583b sp=0x000000001a4bce40 mode 2
Event: 5.196 loading class sun/font/SunFontManager$FamilyDescription
Event: 5.196 loading class sun/font/SunFontManager$FamilyDescription done
Event: 5.201 loading class sun/font/SunFontManager$11
Event: 5.201 loading class sun/font/SunFontManager$11 done


Dynamic libraries:
0x00007ff7d88d0000 - 0x00007ff7d8907000 	C:\Program Files\Java\jdk1.8.0_201\jre\bin\java.exe
0x00007ffbbeaa0000 - 0x00007ffbbec81000 	C:\WINDOWS\SYSTEM32\ntdll.dll
0x00007ffbbc3d0000 - 0x00007ffbbc481000 	C:\WINDOWS\System32\KERNEL32.DLL
0x00007ffbbaf80000 - 0x00007ffbbb1f3000 	C:\WINDOWS\System32\KERNELBASE.dll
0x00007ffbbc500000 - 0x00007ffbbc5a1000 	C:\WINDOWS\System32\ADVAPI32.dll
0x00007ffbbddc0000 - 0x00007ffbbde5e000 	C:\WINDOWS\System32\msvcrt.dll
0x00007ffbbc100000 - 0x00007ffbbc15b000 	C:\WINDOWS\System32\sechost.dll
0x00007ffbbc1c0000 - 0x00007ffbbc2e4000 	C:\WINDOWS\System32\RPCRT4.dll
0x00007ffbbe8e0000 - 0x00007ffbbea70000 	C:\WINDOWS\System32\USER32.dll
0x00007ffbbb200000 - 0x00007ffbbb220000 	C:\WINDOWS\System32\win32u.dll
0x00007ffbbc3a0000 - 0x00007ffbbc3c8000 	C:\WINDOWS\System32\GDI32.dll
0x00007ffbbb530000 - 0x00007ffbbb6c2000 	C:\WINDOWS\System32\gdi32full.dll
0x00007ffbbb490000 - 0x00007ffbbb52f000 	C:\WINDOWS\System32\msvcp_win.dll
0x00007ffbbbe30000 - 0x00007ffbbbf28000 	C:\WINDOWS\System32\ucrtbase.dll
0x00007ffbafde0000 - 0x00007ffbb0049000 	C:\WINDOWS\WinSxS\amd64_microsoft.windows.common-controls_6595b64144ccf1df_6.0.17134.765_none_fb42a1a930655896\COMCTL32.dll
0x00007ffbbe160000 - 0x00007ffbbe482000 	C:\WINDOWS\System32\combase.dll
0x00007ffbbb220000 - 0x00007ffbbb29a000 	C:\WINDOWS\System32\bcryptPrimitives.dll
0x00007ffbbe060000 - 0x00007ffbbe08d000 	C:\WINDOWS\System32\IMM32.DLL
0x0000000066cf0000 - 0x0000000066dc1000 	C:\Program Files\Java\jdk1.8.0_201\jre\bin\msvcr100.dll
0x0000000066dd0000 - 0x0000000067674000 	C:\Program Files\Java\jdk1.8.0_201\jre\bin\server\jvm.dll
0x00007ffbbc0d0000 - 0x00007ffbbc0d8000 	C:\WINDOWS\System32\PSAPI.DLL
0x00007ffbacae0000 - 0x00007ffbacae9000 	C:\WINDOWS\SYSTEM32\WSOCK32.dll
0x00007ffbbc730000 - 0x00007ffbbc79c000 	C:\WINDOWS\System32\WS2_32.dll
0x00007ffbb8d80000 - 0x00007ffbb8da3000 	C:\WINDOWS\SYSTEM32\WINMM.dll
0x00007ffbb6860000 - 0x00007ffbb686a000 	C:\WINDOWS\SYSTEM32\VERSION.dll
0x00007ffbb8d50000 - 0x00007ffbb8d7a000 	C:\WINDOWS\SYSTEM32\WINMMBASE.dll
0x00007ffbbbde0000 - 0x00007ffbbbe29000 	C:\WINDOWS\System32\cfgmgr32.dll
0x00007ffbb7160000 - 0x00007ffbb716f000 	C:\Program Files\Java\jdk1.8.0_201\jre\bin\verify.dll
0x00007ffbac960000 - 0x00007ffbac989000 	C:\Program Files\Java\jdk1.8.0_201\jre\bin\java.dll
0x00007ffbb2d10000 - 0x00007ffbb2d26000 	C:\Program Files\Java\jdk1.8.0_201\jre\bin\zip.dll
0x00007ffbbc980000 - 0x00007ffbbddc0000 	C:\WINDOWS\System32\SHELL32.dll
0x00007ffbbc2f0000 - 0x00007ffbbc399000 	C:\WINDOWS\System32\shcore.dll
0x00007ffbbb6d0000 - 0x00007ffbbbddd000 	C:\WINDOWS\System32\windows.storage.dll
0x00007ffbbc160000 - 0x00007ffbbc1b1000 	C:\WINDOWS\System32\shlwapi.dll
0x00007ffbbae30000 - 0x00007ffbbae41000 	C:\WINDOWS\System32\kernel.appcore.dll
0x00007ffbbae50000 - 0x00007ffbbae6f000 	C:\WINDOWS\System32\profapi.dll
0x00007ffbbadc0000 - 0x00007ffbbae0c000 	C:\WINDOWS\System32\powrprof.dll
0x00007ffbbadb0000 - 0x00007ffbbadba000 	C:\WINDOWS\System32\FLTLIB.DLL
0x00007ffbb17f0000 - 0x00007ffbb180a000 	C:\Program Files\Java\jdk1.8.0_201\jre\bin\net.dll
0x00007ffbae560000 - 0x00007ffbae728000 	C:\WINDOWS\SYSTEM32\urlmon.dll
0x00007ffbab720000 - 0x00007ffbab9c7000 	C:\WINDOWS\SYSTEM32\iertutil.dll
0x00007ffbba7e0000 - 0x00007ffbba7eb000 	C:\WINDOWS\SYSTEM32\CRYPTBASE.DLL
0x00007ffbba630000 - 0x00007ffbba696000 	C:\WINDOWS\system32\mswsock.dll
0x00007ffba5120000 - 0x00007ffba52b9000 	C:\Program Files\Java\jdk1.8.0_201\jre\bin\awt.dll
0x00007ffbbe090000 - 0x00007ffbbe152000 	C:\WINDOWS\System32\OLEAUT32.dll
0x00007ffbb8e70000 - 0x00007ffbb8efb000 	C:\WINDOWS\SYSTEM32\apphelp.dll
0x00007ffbb90f0000 - 0x00007ffbb9188000 	C:\WINDOWS\system32\uxtheme.dll
0x00007ffbbc7a0000 - 0x00007ffbbc913000 	C:\WINDOWS\System32\MSCTF.dll
0x00007ffbb9510000 - 0x00007ffbb9539000 	C:\WINDOWS\system32\dwmapi.dll
0x00007ffbbde60000 - 0x00007ffbbdfb1000 	C:\WINDOWS\System32\ole32.dll
0x00007ffba4d00000 - 0x00007ffba4e20000 	C:\WINDOWS\system32\opengl32.dll
0x00007ffba8700000 - 0x00007ffba872c000 	C:\WINDOWS\SYSTEM32\GLU32.dll
0x00007ffbba7f0000 - 0x00007ffbba807000 	C:\WINDOWS\SYSTEM32\CRYPTSP.dll
0x00007ffbba210000 - 0x00007ffbba243000 	C:\WINDOWS\system32\rsaenh.dll
0x00007ffbba910000 - 0x00007ffbba935000 	C:\WINDOWS\SYSTEM32\bcrypt.dll
0x00007ffbbace0000 - 0x00007ffbbad08000 	C:\WINDOWS\SYSTEM32\USERENV.dll
0x00007ffbba3b0000 - 0x00007ffbba3e8000 	C:\WINDOWS\SYSTEM32\IPHLPAPI.DLL
0x00007ffbbc490000 - 0x00007ffbbc498000 	C:\WINDOWS\System32\NSI.dll
0x00007ffbb5380000 - 0x00007ffbb5396000 	C:\WINDOWS\SYSTEM32\dhcpcsvc6.DLL
0x00007ffbb53e0000 - 0x00007ffbb53fa000 	C:\WINDOWS\SYSTEM32\dhcpcsvc.DLL
0x00007ffbb0b60000 - 0x00007ffbb0b71000 	C:\Program Files\Java\jdk1.8.0_201\jre\bin\nio.dll
0x00007ffbac8f0000 - 0x00007ffbac937000 	C:\Program Files\Java\jdk1.8.0_201\jre\bin\fontmanager.dll
0x00007ffbb98a0000 - 0x00007ffbb9a69000 	C:\WINDOWS\SYSTEM32\dbghelp.dll

VM Arguments:
jvm_args: -Dfile.encoding=UTF-8 
java_command: com.codename1.impl.javase.Simulator com.esprit.TechEvents.TechEvents
java_class_path (initial): D:\Esprit\TechEvents\TechEventsMobile\JavaSE.jar;D:\Esprit\TechEvents\TechEventsMobile\lib\CLDC11.jar;D:\Esprit\TechEvents\TechEventsMobile\lib\CodenameOne.jar;D:\Esprit\TechEvents\TechEventsMobile\lib\CodenameOne_SRC.zip;D:\Esprit\TechEvents\TechEventsMobile\lib\impl\cls;D:\Esprit\TechEvents\TechEventsMobile\lib\impl\stubs;D:\Esprit\TechEvents\jar\java-mail-1.4.4.jar;D:\Esprit\TechEvents\TechEventsMobile\build\classes;D:\Esprit\TechEvents\TechEventsMobile\native\internal_tmp
Launcher Type: SUN_STANDARD

Environment Variables:
PATH=C:\Program Files (x86)\Common Files\Oracle\Java\javapath;C:\oraclexe\app\oracle\product\10.2.0\server\bin;C:\WINDOWS\system32;C:\WINDOWS;C:\WINDOWS\System32\Wbem;C:\WINDOWS\System32\WindowsPowerShell\v1.0\;C:\WINDOWS\System32\OpenSSH\;C:\Program Files\nodejs\;C:\Users\AYMEN\AppData\Local\Microsoft\WindowsApps;C:\Users\AYMEN\AppData\Local\GitHubDesktop\bin;C:\Users\AYMEN\AppData\Roaming\npm
USERNAME=AYMEN
OS=Windows_NT
PROCESSOR_IDENTIFIER=Intel64 Family 6 Model 69 Stepping 1, GenuineIntel



---------------  S Y S T E M  ---------------

OS: Windows 10.0 , 64 bit Build 17134 (10.0.17134.753)

CPU:total 4 (initial active 4) (2 cores per cpu, 2 threads per core) family 6 model 69 stepping 1, cmov, cx8, fxsr, mmx, sse, sse2, sse3, ssse3, sse4.1, sse4.2, popcnt, avx, avx2, aes, clmul, erms, lzcnt, ht, tsc, tscinvbit, bmi1, bmi2

Memory: 4k page, physical 8268812k(4087720k free), swap 13773836k(5703864k free)

vm_info: Java HotSpot(TM) 64-Bit Server VM (25.201-b09) for windows-amd64 JRE (1.8.0_201-b09), built on Dec 15 2018 18:36:39 by "java_re" with MS VC++ 10.0 (VS2010)

time: Sat Jun 01 16:56:13 2019
timezone: Paris, Madrid
elapsed time: 5 seconds (0d 0h 0m 5s)

